comparacion                                                                                                             PAGE 1
0000 C2B0                1     pant:   CLR     P3.0
0002 C2B1                2             CLR     P3.1
0004 759038              3             mov     P1,#38H
0007 12021C              4             lcall   de5ms
000A 759038              5             mov     P1,#38H
000D 12021C              6             lcall   de5ms
0010 759038              7             mov     P1,#38H
0013 12021C              8             lcall   de5ms
0016 759038              9             mov     P1,#38H
0019 12021C             10             lcall   de5ms
001C 75900C             11             mov     P1,#0CH
001F 12021C             12             lcall   de5ms
0022 759001             13             mov     P1,#01H
0025 12021C             14             lcall   de5ms
0028 759006             15             mov     P1,#06H
002B 12021C             16             lcall   de5ms
002E 759080             17             mov     P1,#80H
0031 782F               18     inicio: mov     R0,#2FH
0033 793F               19             mov     R1,#3FH
0035 120068             20             lcall   readc
0038 120068             21             lcall   readc
003B 120068             22             lcall   readc
003E 120068             23             lcall   readc
0041 120068             24             lcall   readc
0044 120068             25             lcall   readc
0047 120068             26             lcall   readc
004A 120068             27             lcall   readc
004D 120068             28             lcall   readc
0050 120068             29             lcall   readc
0053 120068             30             lcall   readc
0056 120068             31             lcall   readc
0059 120068             32             lcall   readc
005C 120068             33             lcall   readc
005F 120068             34             lcall   readc
0062 120068             35             lcall   readc
0065 020089             36             ljmp    ord
                        37
0068 12022C             38     readc:  lcall   time
006B E5B0               39             mov     A,P3
006D 54F0               40             anl     A,#0F0H
006F F570               41             mov     70H,A
0071 12022C             42             lcall   time
0074 E5B0               43             mov     A,P3
0076 54F0               44             anl     A,#0F0H
0078 C4                 45             swap    A
0079 4570               46             orl     A,70H
007B 08                 47             INC     R0
007C 09                 48             INC     R1
007D F7                 49             mov     @R1,A
007E F6                 50             mov     @R0,A
007F D2B0               51             setb    P3.0
0081 F590               52             mov     P1,A
0083 12021C             53             lcall   de5ms
0086 C2B0               54             clr     P3.0
0088 22                 55             ret
0089 12013A             56     ord:    lcall   bubble
008C 12013A             57             lcall   bubble
008F 12013A             58             lcall   bubble
0092 12013A             59             lcall   bubble
0095 12013A             60             lcall   bubble
0098 12013A             61             lcall   bubble
009B 12013A             62             lcall   bubble
009E 12013A             63             lcall   bubble
00A1 12013A             64             lcall   bubble
00A4 12013A             65             lcall   bubble
00A7 12013A             66             lcall   bubble
00AA 12013A             67             lcall   bubble
00AD 12013A             68             lcall   bubble
00B0 12013A             69             lcall   bubble
00B3 12013A             70             lcall   bubble
00B6 12013A             71             lcall   bubble
                        72
00B9 7590C0             73     imp:    mov     P1,#0C0H
00BC 12021C             74             lcall   de5ms
00BF D2B0               75             setb    P3.0
00C1 854090             76             mov     P1,40H
00C4 12021C             77             lcall   de5ms
00C7 854190             78             mov     P1,41H
00CA 12021C             79             lcall   de5ms
00CD 854290             80             mov     P1,42H
00D0 12021C             81             lcall   de5ms
00D3 854390             82             mov     P1,43H
00D6 12021C             83             lcall   de5ms
00D9 854490             84             mov     P1,44H
00DC 12021C             85             lcall   de5ms
00DF 854590             86             mov     P1,45H
00E2 12021C             87             lcall   de5ms
00E5 854690             88             mov     P1,46H
00E8 12021C             89             lcall   de5ms
00EB 854790             90             mov     P1,47H
00EE 12021C             91             lcall   de5ms
00F1 854890             92             mov     P1,48H
00F4 12021C             93             lcall   de5ms
00F7 854990             94             mov     P1,49H
00FA 12021C             95             lcall   de5ms
00FD 854A90             96             mov     P1,4AH
0100 12021C             97             lcall   de5ms
0103 854B90             98             mov     P1,4BH
0106 12021C             99             lcall   de5ms
0109 854C90            100             mov     P1,4CH
010C 12021C            101             lcall   de5ms
010F 854D90            102             mov     P1,4DH
0112 12021C            103             lcall   de5ms
0115 854E90            104             mov     P1,4EH
0118 12021C            105             lcall   de5ms
011B 854F90            106             mov     P1,4FH
011E 12021C            107             lcall   de5ms
0121 C2B0              108             clr     P3.0
0123 02022C            109             ljmp    time
0126 E570              110     comp:   mov     A, 70H
0128 8571F0            111             mov     B, 71H
012B C3                112             CLR     C
012C C2D6              113             ClR     AC
012E 95F0              114             subb    A,B
0130 5001              115             JNC     ncarry
0132 22                116             ret
0133 E571              117     ncarry: mov     A,71H
0135 C570              118             xch     A,70H
0137 C571              119             xch     A,71H
0139 22                120             ret
                       121
                       122
013A 854070            123     bubble: mov     70H, 40H
013D 854171            124             mov     71H, 41H
0140 120126            125             lcall   comp
0143 857040            126             mov     40H,70H
0146 857141            127             mov     41H,71H
0149 854170            128             mov     70H, 41H
014C 854271            129             mov     71H, 42H
014F 120126            130             lcall   comp
0152 857041            131             mov     41H,70H
0155 857142            132             mov     42H,71H
0158 854270            133             mov     70H, 42H
015B 854371            134             mov     71H, 43H
015E 120126            135             lcall   comp
0161 857042            136             mov     42H,70H
0164 857143            137             mov     43H,71H
0167 854370            138             mov     70H, 43H
016A 854471            139             mov     71H, 44H
016D 120126            140             lcall   comp
0170 857043            141             mov     43H,70H
0173 857144            142             mov     44H,71H
0176 854470            143             mov     70H, 44H
0179 854571            144             mov     71H, 45H
017C 120126            145             lcall   comp
017F 857044            146             mov     44H,70H
0182 857145            147             mov     45H,71H
0185 854570            148             mov     70H, 45H
0188 854671            149             mov     71H, 46H
018B 120126            150             lcall   comp
018E 857045            151             mov     45H,70H
0191 857146            152             mov     46H,71H
0194 854670            153             mov     70H, 46H
0197 854771            154             mov     71H, 47H
019A 120126            155             lcall   comp
019D 857046            156             mov     46H,70H
01A0 857147            157             mov     47H,71H
01A3 854770            158             mov     70H, 47H
01A6 854871            159             mov     71H, 48H
01A9 120126            160             lcall   comp
01AC 857047            161             mov     47H,70H
01AF 857148            162             mov     48H,71H
01B2 854870            163             mov     70H, 48H
01B5 854971            164             mov     71H, 49H
01B8 120126            165             lcall   comp
01BB 857048            166             mov     48H,70H
01BE 857149            167             mov     49H,71H
01C1 854970            168             mov     70H, 49H
01C4 854A71            169             mov     71H, 4AH
01C7 120126            170             lcall   comp
01CA 857049            171             mov     49H,70H
01CD 85714A            172             mov     4AH,71H
01D0 854A70            173             mov     70H, 4AH
01D3 854B71            174             mov     71H, 4BH
01D6 120126            175             lcall   comp
01D9 85704A            176             mov     4AH,70H
01DC 85714B            177             mov     4BH,71H
01DF 854B70            178             mov     70H, 4BH
01E2 854C71            179             mov     71H, 4CH
01E5 120126            180             lcall   comp
01E8 85704B            181             mov     4BH,70H
01EB 85714C            182             mov     4CH,71H
01EE 854C70            183             mov     70H, 4CH
01F1 854D71            184             mov     71H, 4DH
01F4 120126            185             lcall   comp
01F7 85704C            186             mov     4CH,70H
01FA 85714D            187             mov     4DH,71H
01FD 854D70            188             mov     70H, 4DH
0200 854E71            189             mov     71H, 4EH
0203 120126            190             lcall   comp
0206 85704D            191             mov     4DH,70H
0209 85714E            192             mov     4EH,71H
020C 854E70            193             mov     70H, 4EH
020F 854F71            194             mov     71H, 4FH
0212 120126            195             lcall   comp
0215 85704E            196             mov     4EH,70H
0218 85714F            197             mov     4FH,71H
021B 22                198             ret
                       199
                       200
                       201
021C D2B1              202     de5ms:  SETB    P3.1
021E 7F0A              203             mov     R7, #0AH
0220 7EFA              204     aca:    mov     R6,#0FAH
0222 DEFE              205     aqui2:  DJNZ    R6, aqui2
0224 DFFA              206             DJNZ    R7, aca
0226 C2B1              207             CLR P3.1
0228 22                208             RET
                       209
                       210
0229 020229            211     time2:  ljmp    time2
022C 7F40              212     time:   mov     R7,#40H
022E 7EFA              213     paca:   mov     R6,#0FAH
0230 7DFA              214     aca2:   MOV     R5,#0FAH
0232 DDFE              215     aqui3:  DJNZ    R5,aqui3
0234 DEFA              216             djnz    R6,aca2
0236 DFF6              217             djnz    R7,paca
0238 22                218             ret
****WARNING:Missing`END'directive
ASSEMBLY COMPLETE, NO ERRORS FOUND, 1 WARNING


ERROR SUMMARY:
Line 218, WARNING:Missing`END'directive

SYMBOL TABLE:
??MCU_8051_IDE . . . . . . . . . . .  N  NUMB  8051H  NOT USED
??VERSION. . . . . . . . . . . . . .  N  NUMB  0149H  NOT USED
AC . . . . . . . . . . . . . . . . .  B  ADDR  00D6H
ACA. . . . . . . . . . . . . . . . .  C  ADDR  0220H
ACA2 . . . . . . . . . . . . . . . .  C  ADDR  0230H
ACC. . . . . . . . . . . . . . . . .  D  ADDR  00E0H  NOT USED
ACSR . . . . . . . . . . . . . . . .  D  ADDR  0097H  NOT USED
ADCF . . . . . . . . . . . . . . . .  D  ADDR  00F6H  NOT USED
ADCLK. . . . . . . . . . . . . . . .  D  ADDR  00F2H  NOT USED
ADCON. . . . . . . . . . . . . . . .  D  ADDR  00F3H  NOT USED
ADDH . . . . . . . . . . . . . . . .  D  ADDR  00F5H  NOT USED
ADDL . . . . . . . . . . . . . . . .  D  ADDR  00F4H  NOT USED
AQUI2. . . . . . . . . . . . . . . .  C  ADDR  0222H
AQUI3. . . . . . . . . . . . . . . .  C  ADDR  0232H
AUXR . . . . . . . . . . . . . . . .  D  ADDR  008EH  NOT USED
AUXR1. . . . . . . . . . . . . . . .  D  ADDR  00A2H  NOT USED
B. . . . . . . . . . . . . . . . . .  D  ADDR  00F0H
BDRCON . . . . . . . . . . . . . . .  D  ADDR  009BH  NOT USED
BDRCON_1 . . . . . . . . . . . . . .  D  ADDR  009CH  NOT USED
BRL. . . . . . . . . . . . . . . . .  D  ADDR  009AH  NOT USED
BUBBLE . . . . . . . . . . . . . . .  C  ADDR  013AH
CCAP0H . . . . . . . . . . . . . . .  D  ADDR  00FAH  NOT USED
CCAP0L . . . . . . . . . . . . . . .  D  ADDR  00EAH  NOT USED
CCAP1H . . . . . . . . . . . . . . .  D  ADDR  00FBH  NOT USED
CCAP1L . . . . . . . . . . . . . . .  D  ADDR  00EBH  NOT USED
CCAP2H . . . . . . . . . . . . . . .  D  ADDR  00FCH  NOT USED
CCAP3H . . . . . . . . . . . . . . .  D  ADDR  00FDH  NOT USED
CCAP4H . . . . . . . . . . . . . . .  D  ADDR  00FEH  NOT USED
CCAPL2H. . . . . . . . . . . . . . .  D  ADDR  00FCH  NOT USED
CCAPL2L. . . . . . . . . . . . . . .  D  ADDR  00ECH  NOT USED
CCAPL3H. . . . . . . . . . . . . . .  D  ADDR  00FDH  NOT USED
CCAPL3L. . . . . . . . . . . . . . .  D  ADDR  00EDH  NOT USED
CCAPL4H. . . . . . . . . . . . . . .  D  ADDR  00FEH  NOT USED
CCAPL4L. . . . . . . . . . . . . . .  D  ADDR  00EEH  NOT USED
CCAPM0 . . . . . . . . . . . . . . .  D  ADDR  00DAH  NOT USED
CCAPM1 . . . . . . . . . . . . . . .  D  ADDR  00DBH  NOT USED
CCAPM2 . . . . . . . . . . . . . . .  D  ADDR  00DCH  NOT USED
CCAPM3 . . . . . . . . . . . . . . .  D  ADDR  00DDH  NOT USED
CCAPM4 . . . . . . . . . . . . . . .  D  ADDR  00DEH  NOT USED
CCF0 . . . . . . . . . . . . . . . .  B  ADDR  00D8H  NOT USED
CCF1 . . . . . . . . . . . . . . . .  B  ADDR  00D9H  NOT USED
CCF2 . . . . . . . . . . . . . . . .  B  ADDR  00DAH  NOT USED
CCF3 . . . . . . . . . . . . . . . .  B  ADDR  00DBH  NOT USED
CCF4 . . . . . . . . . . . . . . . .  B  ADDR  00DCH  NOT USED
CCON . . . . . . . . . . . . . . . .  D  ADDR  00D8H  NOT USED
CFINT. . . . . . . . . . . . . . . .  C  ADDR  0033H  NOT USED
CH . . . . . . . . . . . . . . . . .  D  ADDR  00F9H  NOT USED
CKCON. . . . . . . . . . . . . . . .  D  ADDR  008FH  NOT USED
CKCON0 . . . . . . . . . . . . . . .  D  ADDR  008FH  NOT USED
CKRL . . . . . . . . . . . . . . . .  D  ADDR  0097H  NOT USED
CKSEL. . . . . . . . . . . . . . . .  D  ADDR  0085H  NOT USED
CL . . . . . . . . . . . . . . . . .  D  ADDR  00E9H  NOT USED
CLKREG . . . . . . . . . . . . . . .  D  ADDR  008FH  NOT USED
CMOD . . . . . . . . . . . . . . . .  D  ADDR  00D9H  NOT USED
COMP . . . . . . . . . . . . . . . .  C  ADDR  0126H
CPRL2. . . . . . . . . . . . . . . .  B  ADDR  00C8H  NOT USED
CR . . . . . . . . . . . . . . . . .  B  ADDR  00DEH  NOT USED
CT2. . . . . . . . . . . . . . . . .  B  ADDR  00C9H  NOT USED
CY . . . . . . . . . . . . . . . . .  B  ADDR  00D7H  NOT USED
DE5MS. . . . . . . . . . . . . . . .  C  ADDR  021CH
DP0H . . . . . . . . . . . . . . . .  D  ADDR  0083H  NOT USED
DP0L . . . . . . . . . . . . . . . .  D  ADDR  0082H  NOT USED
DP1H . . . . . . . . . . . . . . . .  D  ADDR  0085H  NOT USED
DP1L . . . . . . . . . . . . . . . .  D  ADDR  0084H  NOT USED
DPH. . . . . . . . . . . . . . . . .  D  ADDR  0083H  NOT USED
DPL. . . . . . . . . . . . . . . . .  D  ADDR  0082H  NOT USED
EA . . . . . . . . . . . . . . . . .  B  ADDR  00AFH  NOT USED
EC . . . . . . . . . . . . . . . . .  B  ADDR  00AEH  NOT USED
EECON. . . . . . . . . . . . . . . .  D  ADDR  0096H  NOT USED
ES . . . . . . . . . . . . . . . . .  B  ADDR  00ACH  NOT USED
ET0. . . . . . . . . . . . . . . . .  B  ADDR  00A9H  NOT USED
ET1. . . . . . . . . . . . . . . . .  B  ADDR  00ABH  NOT USED
ET2. . . . . . . . . . . . . . . . .  B  ADDR  00ADH  NOT USED
EX0. . . . . . . . . . . . . . . . .  B  ADDR  00A8H  NOT USED
EX1. . . . . . . . . . . . . . . . .  B  ADDR  00AAH  NOT USED
EXEN2. . . . . . . . . . . . . . . .  B  ADDR  00CBH  NOT USED
EXF2 . . . . . . . . . . . . . . . .  B  ADDR  00CEH  NOT USED
EXTI0. . . . . . . . . . . . . . . .  C  ADDR  0003H  NOT USED
EXTI1. . . . . . . . . . . . . . . .  C  ADDR  0013H  NOT USED
F0 . . . . . . . . . . . . . . . . .  B  ADDR  00D5H  NOT USED
FE . . . . . . . . . . . . . . . . .  B  ADDR  009FH  NOT USED
IE . . . . . . . . . . . . . . . . .  D  ADDR  00A8H  NOT USED
IE0. . . . . . . . . . . . . . . . .  B  ADDR  0089H  NOT USED
IE1. . . . . . . . . . . . . . . . .  B  ADDR  008BH  NOT USED
IMP. . . . . . . . . . . . . . . . .  C  ADDR  00B9H  NOT USED
INICIO . . . . . . . . . . . . . . .  C  ADDR  0031H  NOT USED
INT0 . . . . . . . . . . . . . . . .  B  ADDR  00B2H  NOT USED
INT1 . . . . . . . . . . . . . . . .  B  ADDR  00B3H  NOT USED
IP . . . . . . . . . . . . . . . . .  D  ADDR  00B8H  NOT USED
IPH. . . . . . . . . . . . . . . . .  D  ADDR  00B7H  NOT USED
IPH0 . . . . . . . . . . . . . . . .  D  ADDR  00B7H  NOT USED
IPH1 . . . . . . . . . . . . . . . .  D  ADDR  00B3H  NOT USED
IPL0 . . . . . . . . . . . . . . . .  D  ADDR  00B8H  NOT USED
IPL1 . . . . . . . . . . . . . . . .  D  ADDR  00B2H  NOT USED
IT0. . . . . . . . . . . . . . . . .  B  ADDR  0088H  NOT USED
IT1. . . . . . . . . . . . . . . . .  B  ADDR  008AH  NOT USED
KBE. . . . . . . . . . . . . . . . .  D  ADDR  009DH  NOT USED
KBF. . . . . . . . . . . . . . . . .  D  ADDR  009EH  NOT USED
KBLS . . . . . . . . . . . . . . . .  D  ADDR  009CH  NOT USED
NCARRY . . . . . . . . . . . . . . .  C  ADDR  0133H
ORD. . . . . . . . . . . . . . . . .  C  ADDR  0089H
OSCCON . . . . . . . . . . . . . . .  D  ADDR  0086H  NOT USED
OV . . . . . . . . . . . . . . . . .  B  ADDR  00D2H  NOT USED
P. . . . . . . . . . . . . . . . . .  B  ADDR  00D0H  NOT USED
P0 . . . . . . . . . . . . . . . . .  D  ADDR  0080H  NOT USED
P1 . . . . . . . . . . . . . . . . .  D  ADDR  0090H
P1M1 . . . . . . . . . . . . . . . .  D  ADDR  00D4H  NOT USED
P1M2 . . . . . . . . . . . . . . . .  D  ADDR  00E2H  NOT USED
P2 . . . . . . . . . . . . . . . . .  D  ADDR  00A0H  NOT USED
P3 . . . . . . . . . . . . . . . . .  D  ADDR  00B0H
P3M1 . . . . . . . . . . . . . . . .  D  ADDR  00D5H  NOT USED
P3M2 . . . . . . . . . . . . . . . .  D  ADDR  00E3H  NOT USED
P4 . . . . . . . . . . . . . . . . .  D  ADDR  00C0H  NOT USED
P4M1 . . . . . . . . . . . . . . . .  D  ADDR  00D6H  NOT USED
P4M2 . . . . . . . . . . . . . . . .  D  ADDR  00E4H  NOT USED
P5 . . . . . . . . . . . . . . . . .  D  ADDR  00E8H  NOT USED
PACA . . . . . . . . . . . . . . . .  C  ADDR  022EH
PANT . . . . . . . . . . . . . . . .  C  ADDR  0000H  NOT USED
PC . . . . . . . . . . . . . . . . .  B  ADDR  00BEH  NOT USED
PCON . . . . . . . . . . . . . . . .  D  ADDR  0087H  NOT USED
PPCL . . . . . . . . . . . . . . . .  B  ADDR  00BEH  NOT USED
PS . . . . . . . . . . . . . . . . .  B  ADDR  00BCH  NOT USED
PSL. . . . . . . . . . . . . . . . .  B  ADDR  00BCH  NOT USED
PSW. . . . . . . . . . . . . . . . .  D  ADDR  00D0H  NOT USED
PT0. . . . . . . . . . . . . . . . .  B  ADDR  00B9H  NOT USED
PT0L . . . . . . . . . . . . . . . .  B  ADDR  00B9H  NOT USED
PT1. . . . . . . . . . . . . . . . .  B  ADDR  00BBH  NOT USED
PT1L . . . . . . . . . . . . . . . .  B  ADDR  00BBH  NOT USED
PT2. . . . . . . . . . . . . . . . .  B  ADDR  00BDH  NOT USED
PT2L . . . . . . . . . . . . . . . .  B  ADDR  00BDH  NOT USED
PX0. . . . . . . . . . . . . . . . .  B  ADDR  00B8H  NOT USED
PX0L . . . . . . . . . . . . . . . .  B  ADDR  00B8H  NOT USED
PX1. . . . . . . . . . . . . . . . .  B  ADDR  00BAH  NOT USED
PX1L . . . . . . . . . . . . . . . .  B  ADDR  00BAH  NOT USED
RB8. . . . . . . . . . . . . . . . .  B  ADDR  009AH  NOT USED
RCAP2H . . . . . . . . . . . . . . .  D  ADDR  00CBH  NOT USED
RCAP2L . . . . . . . . . . . . . . .  D  ADDR  00CAH  NOT USED
RCLK . . . . . . . . . . . . . . . .  B  ADDR  00CDH  NOT USED
RD . . . . . . . . . . . . . . . . .  B  ADDR  00B7H  NOT USED
READC. . . . . . . . . . . . . . . .  C  ADDR  0068H
REN. . . . . . . . . . . . . . . . .  B  ADDR  009CH  NOT USED
RESET. . . . . . . . . . . . . . . .  C  ADDR  0000H  NOT USED
RI . . . . . . . . . . . . . . . . .  B  ADDR  0098H  NOT USED
RS0. . . . . . . . . . . . . . . . .  B  ADDR  00D3H  NOT USED
RS1. . . . . . . . . . . . . . . . .  B  ADDR  00D4H  NOT USED
RXD. . . . . . . . . . . . . . . . .  B  ADDR  00B0H  NOT USED
SADDR. . . . . . . . . . . . . . . .  D  ADDR  00A9H  NOT USED
SADDR_0. . . . . . . . . . . . . . .  D  ADDR  00A9H  NOT USED
SADDR_1. . . . . . . . . . . . . . .  D  ADDR  00AAH  NOT USED
SADEN. . . . . . . . . . . . . . . .  D  ADDR  00B9H  NOT USED
SADEN_0. . . . . . . . . . . . . . .  D  ADDR  00B9H  NOT USED
SADEN_1. . . . . . . . . . . . . . .  D  ADDR  00BAH  NOT USED
SBUF . . . . . . . . . . . . . . . .  D  ADDR  0099H  NOT USED
SCON . . . . . . . . . . . . . . . .  D  ADDR  0098H  NOT USED
SINT . . . . . . . . . . . . . . . .  C  ADDR  0023H  NOT USED
SM0. . . . . . . . . . . . . . . . .  B  ADDR  009FH  NOT USED
SM1. . . . . . . . . . . . . . . . .  B  ADDR  009EH  NOT USED
SM2. . . . . . . . . . . . . . . . .  B  ADDR  009DH  NOT USED
SP . . . . . . . . . . . . . . . . .  D  ADDR  0081H  NOT USED
SPCON. . . . . . . . . . . . . . . .  D  ADDR  00C3H  NOT USED
SPCR . . . . . . . . . . . . . . . .  D  ADDR  00D5H  NOT USED
SPDAT. . . . . . . . . . . . . . . .  D  ADDR  00C5H  NOT USED
SPDR . . . . . . . . . . . . . . . .  D  ADDR  0086H  NOT USED
SPSR . . . . . . . . . . . . . . . .  D  ADDR  00AAH  NOT USED
SPSTA. . . . . . . . . . . . . . . .  D  ADDR  00C4H  NOT USED
T0 . . . . . . . . . . . . . . . . .  B  ADDR  00B4H  NOT USED
T1 . . . . . . . . . . . . . . . . .  B  ADDR  00B5H  NOT USED
T2CON. . . . . . . . . . . . . . . .  D  ADDR  00C8H  NOT USED
T2MOD. . . . . . . . . . . . . . . .  D  ADDR  00C9H  NOT USED
TB8. . . . . . . . . . . . . . . . .  B  ADDR  009BH  NOT USED
TCLK . . . . . . . . . . . . . . . .  B  ADDR  00CCH  NOT USED
TCON . . . . . . . . . . . . . . . .  D  ADDR  0088H  NOT USED
TF0. . . . . . . . . . . . . . . . .  B  ADDR  008DH  NOT USED
TF1. . . . . . . . . . . . . . . . .  B  ADDR  008FH  NOT USED
TF2. . . . . . . . . . . . . . . . .  B  ADDR  00CFH  NOT USED
TH0. . . . . . . . . . . . . . . . .  D  ADDR  008CH  NOT USED
TH1. . . . . . . . . . . . . . . . .  D  ADDR  008DH  NOT USED
TH2. . . . . . . . . . . . . . . . .  D  ADDR  00CDH  NOT USED
TI . . . . . . . . . . . . . . . . .  B  ADDR  0099H  NOT USED
TIME . . . . . . . . . . . . . . . .  C  ADDR  022CH
TIME2. . . . . . . . . . . . . . . .  C  ADDR  0229H
TIMER0 . . . . . . . . . . . . . . .  C  ADDR  000BH  NOT USED
TIMER1 . . . . . . . . . . . . . . .  C  ADDR  001BH  NOT USED
TIMER2 . . . . . . . . . . . . . . .  C  ADDR  002BH  NOT USED
TL0. . . . . . . . . . . . . . . . .  D  ADDR  008AH  NOT USED
TL1. . . . . . . . . . . . . . . . .  D  ADDR  008BH  NOT USED
TL2. . . . . . . . . . . . . . . . .  D  ADDR  00CCH  NOT USED
TMOD . . . . . . . . . . . . . . . .  D  ADDR  0089H  NOT USED
TR0. . . . . . . . . . . . . . . . .  B  ADDR  008CH  NOT USED
TR1. . . . . . . . . . . . . . . . .  B  ADDR  008EH  NOT USED
TR2. . . . . . . . . . . . . . . . .  B  ADDR  00CAH  NOT USED
TXD. . . . . . . . . . . . . . . . .  B  ADDR  00B1H  NOT USED
WDTCON . . . . . . . . . . . . . . .  D  ADDR  00A7H  NOT USED
WDTPRG . . . . . . . . . . . . . . .  D  ADDR  00A7H  NOT USED
WDTRST . . . . . . . . . . . . . . .  D  ADDR  00A6H  NOT USED
WR . . . . . . . . . . . . . . . . .  B  ADDR  00B6H  NOT USED