promediopantalla                                                                                                        PAGE 1
0000 C2B0                1     pant:   CLR     P3.0
0002 C2B1                2             CLR     P3.1
0004 C2B2                3             CLR     P3.2
0006 759038              4             mov     P1,#38H
0009 12016B              5             lcall   de5ms
000C 759038              6             mov     P1,#38H
000F 12016B              7             lcall   de5ms
0012 759038              8             mov     P1,#38H
0015 12016B              9             lcall   de5ms
0018 759038             10             mov     P1,#38H
001B 12016B             11             lcall   de5ms
001E 75900C             12             mov     P1,#0CH
0021 12016B             13             lcall   de5ms
0024 759001             14             mov     P1,#01H
0027 12016B             15             lcall   de5ms
002A 759006             16             mov     P1,#06H
002D 12016B             17             lcall   de5ms
0030 759080             18             mov     P1,#80H
0033 753E00             19             mov     3EH, #00H
0036 753F00             20             mov     3FH, #00H
0039 783E               21     inicio: mov     R0,#3EH
                        22
003B 120089             23             lcall   leer
003E AA3F               24             mov     R2,3FH
0040 75F00E             25             mov     B,#0EH
0043 755000             26             mov     50h,#00H
0046 755100             27             MOV     51H,#00H
                        28
0049 120089             29     auxi:   lcall   leer
004C E5F0               30             mov     A,B
004E 9404               31             SUBB    A,#04H
0050 5009               32             JNC     ncarry3
0052 7590C0             33             mov     P1,#0C0H
0055 12016B             34             lcall   de5ms
0058 75F0FF             35             mov     B,#0FFH
005B DAEC               36     ncarry3:        DJNZ    R2,auxi
                        37
                        38     prom:
005D E551               39     ayuda1: mov     A,51H
005F C3                 40             CLR     C
0060 C2D6               41             CLR     AC
0062 953F               42             subb    A,3FH
0064 500B               43             JNC     ncarry4
0066 F5F0               44             mov     B,A
0068 E550               45             mov     A,50H
006A 600F               46             JZ      fin
006C 14                 47             DEC     A
006D F550               48             mov     50H,A
006F E5F0               49             mov     A,B
0071 F551               50     ncarry4: mov    51H,A
0073 E53E               51             mov     A,3EH
0075 04                 52             INC     A
0076 F53E               53             mov     3EH,A
0078 02005D             54             ljmp    ayuda1
                        55
007B 853E60             56     fin:    mov     60H,3EH
007E 12012C             57             lcall   bitabcd
0081 D2B0               58             setb    P3.0
0083 1200B8             59             lcall   coso1
                        60
0086 020086             61     ciclo:  ljmp ciclo
0089 12017B             62     leer:   lcall   time
008C E5B0               63             mov     A,P3
008E 54F0               64             anl     A,#0F0H
0090 F570               65             mov     70H,A
0092 D2B2               66             setB     P3.2
0094 12017B             67             lcall   time
0097 C2B2               68             CLR     P3.2
0099 E5B0               69             mov     A,P3
009B 54F0               70             anl     A,#0F0H
009D C4                 71             swap    A
009E 4570               72             orl     A,70H
00A0 08                 73             INC     R0
00A1 F6                 74             mov     @R0,A
00A2 F560               75             mov     60H,A
00A4 E551               76             mov     A,51H
00A6 C3                 77             CLR     C
00A7 C2D6               78             CLR     AC
00A9 2560               79             ADD     A,60H
00AB F551               80             MOV     51H,A
00AD E550               81             MOV     A,50H
00AF 3400               82             ADDC    A,#00H
00B1 F550               83             MOV     50H,A
00B3 12012C             84             lcall   bitabcd
00B6 D2B0               85             setb    P3.0
00B8 E552               86     coso1:  mov     A,52H
00BA 602A               87             JZ      coso2
00BC 15F0               88             DEC     B
00BE 4430               89             orl     A,#30H
00C0 F590               90             mov     P1,A
00C2 12016B             91             lcall   de5ms
00C5 E553               92             mov     A,53H
00C7 15F0               93             DEC     B
00C9 4430               94             orl     A,#30H
00CB F590               95             mov     P1,A
00CD 12016B             96             lcall   de5ms
00D0 E554               97             mov     A,54H
00D2 15F0               98             DEC     B
00D4 4430               99             orl     A,#30H
00D6 F590              100             mov     P1,A
00D8 12016B            101             lcall   de5ms
00DB 759020            102             mov     P1,#20H
00DE 15F0              103             DEC     B
00E0 12016B            104             lcall   de5ms
00E3 C2B0              105             clr     P3.0
00E5 22                106             ret
                       107
00E6 E553              108     coso2: mov      A,53H
00E8 601F              109             JZ      coso3
00EA 15F0              110             DEC     B
00EC 4430              111             orl     A,#30H
00EE F590              112             mov     P1,A
00F0 12016B            113             lcall   de5ms
00F3 E554              114             mov     A,54H
00F5 15F0              115             DEC     B
00F7 4430              116             orl     A,#30H
00F9 F590              117             mov     P1,A
00FB 12016B            118             lcall   de5ms
00FE 759020            119             mov     P1,#20H
0101 15F0              120             DEC     B
0103 12016B            121             lcall   de5ms
0106 C2B0              122             clr     P3.0
0108 22                123             ret
                       124
0109 E554              125     coso3: mov      A,54H
010B 6014              126             JZ      coso4
010D 15F0              127             DEC     B
010F 4430              128             orl     A,#30H
0111 F590              129             mov     P1,A
0113 12016B            130             lcall   de5ms
0116 759020            131             mov     P1,#20H
0119 15F0              132             DEC     B
011B 12016B            133             lcall   de5ms
011E C2B0              134             clr     P3.0
0120 22                135             ret
                       136
0121 759020            137     coso4: mov      P1,#20H
0124 15F0              138             DEC     B
0126 12016B            139             lcall   de5ms
0129 C2B0              140             clr     P3.0
012B 22                141             ret
                       142
012C 755200            143     bitabcd:mov     52H,#00H
012F 755300            144             mov     53H,#00H
0132 755400            145             mov     54H,#00H
0135 E560              146     cien:   mov     A,60H
0137 C3                147             CLR     C
0138 C2D6              148             CLR     AC
013A 9464              149             subb    A,#64H
013C 5005              150             JNC     ncarry1
013E 2464              151             ADD     A,#64H
0140 02014E            152             LJMP    diez
0143 F560              153     ncarry1:        MOV     60H,A
0145 E552              154             MOV     A,52H
0147 2401              155             ADD     A,#01H
0149 F552              156             MOV     52H,A
014B 020135            157             LJMP    cien
                       158
014E E560              159     diez:   mov     A,60H
0150 C3                160             CLR     C
0151 C2D6              161             CLR     AC
0153 940A              162             subb    A,#0AH
0155 5005              163             JNC     ncarry2
0157 240A              164             ADD     A,#0AH
0159 020167            165             LJMP    uno
015C F560              166     ncarry2:        MOV     60H,A
015E E553              167             MOV     A,53H
0160 2401              168             ADD     A,#01H
0162 F553              169             MOV     53H,A
0164 02014E            170             LJMP    diez
0167 856054            171     uno:    MOV     54H,60H
016A 22                172             ret
                       173
                       174     de5ms:
016B D2B1              175             SETB    P3.1
016D 7F0A              176             mov     R7, #0AH
016F 7EFA              177     aca:    mov     R6,#0FAH
0171 DEFE              178     aqui2:  DJNZ    R6, aqui2
0173 DFFA              179             DJNZ    R7, aca
0175 C2B1              180             CLR P3.1
0177 22                181             RET
                       182
                       183
0178 020178            184     time2:  ljmp    time2
                       185     time:
017B 7F40              186             mov     R7,#40H
017D 7EFA              187     paca:   mov     R6,#0FAH
017F 7DFA              188     aca2:   MOV     R5,#0FAH
0181 DDFE              189     aqui3:  DJNZ    R5,aqui3
0183 DEFA              190             djnz    R6,aca2
0185 DFF6              191             djnz    R7,paca
0187 22                192             ret
****WARNING:Missing`END'directive
ASSEMBLY COMPLETE, NO ERRORS FOUND, 1 WARNING


ERROR SUMMARY:
Line 192, WARNING:Missing`END'directive

SYMBOL TABLE:
??MCU_8051_IDE . . . . . . . . . . .  N  NUMB  8051H  NOT USED
??VERSION. . . . . . . . . . . . . .  N  NUMB  0149H  NOT USED
AC . . . . . . . . . . . . . . . . .  B  ADDR  00D6H
ACA. . . . . . . . . . . . . . . . .  C  ADDR  016FH
ACA2 . . . . . . . . . . . . . . . .  C  ADDR  017FH
ACC. . . . . . . . . . . . . . . . .  D  ADDR  00E0H  NOT USED
ACSR . . . . . . . . . . . . . . . .  D  ADDR  0097H  NOT USED
ADCF . . . . . . . . . . . . . . . .  D  ADDR  00F6H  NOT USED
ADCLK. . . . . . . . . . . . . . . .  D  ADDR  00F2H  NOT USED
ADCON. . . . . . . . . . . . . . . .  D  ADDR  00F3H  NOT USED
ADDH . . . . . . . . . . . . . . . .  D  ADDR  00F5H  NOT USED
ADDL . . . . . . . . . . . . . . . .  D  ADDR  00F4H  NOT USED
AQUI2. . . . . . . . . . . . . . . .  C  ADDR  0171H
AQUI3. . . . . . . . . . . . . . . .  C  ADDR  0181H
AUXI . . . . . . . . . . . . . . . .  C  ADDR  0049H
AUXR . . . . . . . . . . . . . . . .  D  ADDR  008EH  NOT USED
AUXR1. . . . . . . . . . . . . . . .  D  ADDR  00A2H  NOT USED
AYUDA1 . . . . . . . . . . . . . . .  C  ADDR  005DH
B. . . . . . . . . . . . . . . . . .  D  ADDR  00F0H
BDRCON . . . . . . . . . . . . . . .  D  ADDR  009BH  NOT USED
BDRCON_1 . . . . . . . . . . . . . .  D  ADDR  009CH  NOT USED
BITABCD. . . . . . . . . . . . . . .  C  ADDR  012CH
BRL. . . . . . . . . . . . . . . . .  D  ADDR  009AH  NOT USED
CCAP0H . . . . . . . . . . . . . . .  D  ADDR  00FAH  NOT USED
CCAP0L . . . . . . . . . . . . . . .  D  ADDR  00EAH  NOT USED
CCAP1H . . . . . . . . . . . . . . .  D  ADDR  00FBH  NOT USED
CCAP1L . . . . . . . . . . . . . . .  D  ADDR  00EBH  NOT USED
CCAP2H . . . . . . . . . . . . . . .  D  ADDR  00FCH  NOT USED
CCAP3H . . . . . . . . . . . . . . .  D  ADDR  00FDH  NOT USED
CCAP4H . . . . . . . . . . . . . . .  D  ADDR  00FEH  NOT USED
CCAPL2H. . . . . . . . . . . . . . .  D  ADDR  00FCH  NOT USED
CCAPL2L. . . . . . . . . . . . . . .  D  ADDR  00ECH  NOT USED
CCAPL3H. . . . . . . . . . . . . . .  D  ADDR  00FDH  NOT USED
CCAPL3L. . . . . . . . . . . . . . .  D  ADDR  00EDH  NOT USED
CCAPL4H. . . . . . . . . . . . . . .  D  ADDR  00FEH  NOT USED
CCAPL4L. . . . . . . . . . . . . . .  D  ADDR  00EEH  NOT USED
CCAPM0 . . . . . . . . . . . . . . .  D  ADDR  00DAH  NOT USED
CCAPM1 . . . . . . . . . . . . . . .  D  ADDR  00DBH  NOT USED
CCAPM2 . . . . . . . . . . . . . . .  D  ADDR  00DCH  NOT USED
CCAPM3 . . . . . . . . . . . . . . .  D  ADDR  00DDH  NOT USED
CCAPM4 . . . . . . . . . . . . . . .  D  ADDR  00DEH  NOT USED
CCF0 . . . . . . . . . . . . . . . .  B  ADDR  00D8H  NOT USED
CCF1 . . . . . . . . . . . . . . . .  B  ADDR  00D9H  NOT USED
CCF2 . . . . . . . . . . . . . . . .  B  ADDR  00DAH  NOT USED
CCF3 . . . . . . . . . . . . . . . .  B  ADDR  00DBH  NOT USED
CCF4 . . . . . . . . . . . . . . . .  B  ADDR  00DCH  NOT USED
CCON . . . . . . . . . . . . . . . .  D  ADDR  00D8H  NOT USED
CFINT. . . . . . . . . . . . . . . .  C  ADDR  0033H  NOT USED
CH . . . . . . . . . . . . . . . . .  D  ADDR  00F9H  NOT USED
CICLO. . . . . . . . . . . . . . . .  C  ADDR  0086H
CIEN . . . . . . . . . . . . . . . .  C  ADDR  0135H
CKCON. . . . . . . . . . . . . . . .  D  ADDR  008FH  NOT USED
CKCON0 . . . . . . . . . . . . . . .  D  ADDR  008FH  NOT USED
CKRL . . . . . . . . . . . . . . . .  D  ADDR  0097H  NOT USED
CKSEL. . . . . . . . . . . . . . . .  D  ADDR  0085H  NOT USED
CL . . . . . . . . . . . . . . . . .  D  ADDR  00E9H  NOT USED
CLKREG . . . . . . . . . . . . . . .  D  ADDR  008FH  NOT USED
CMOD . . . . . . . . . . . . . . . .  D  ADDR  00D9H  NOT USED
COSO1. . . . . . . . . . . . . . . .  C  ADDR  00B8H
COSO2. . . . . . . . . . . . . . . .  C  ADDR  00E6H
COSO3. . . . . . . . . . . . . . . .  C  ADDR  0109H
COSO4. . . . . . . . . . . . . . . .  C  ADDR  0121H
CPRL2. . . . . . . . . . . . . . . .  B  ADDR  00C8H  NOT USED
CR . . . . . . . . . . . . . . . . .  B  ADDR  00DEH  NOT USED
CT2. . . . . . . . . . . . . . . . .  B  ADDR  00C9H  NOT USED
CY . . . . . . . . . . . . . . . . .  B  ADDR  00D7H  NOT USED
DE5MS. . . . . . . . . . . . . . . .  C  ADDR  016BH
DIEZ . . . . . . . . . . . . . . . .  C  ADDR  014EH
DP0H . . . . . . . . . . . . . . . .  D  ADDR  0083H  NOT USED
DP0L . . . . . . . . . . . . . . . .  D  ADDR  0082H  NOT USED
DP1H . . . . . . . . . . . . . . . .  D  ADDR  0085H  NOT USED
DP1L . . . . . . . . . . . . . . . .  D  ADDR  0084H  NOT USED
DPH. . . . . . . . . . . . . . . . .  D  ADDR  0083H  NOT USED
DPL. . . . . . . . . . . . . . . . .  D  ADDR  0082H  NOT USED
EA . . . . . . . . . . . . . . . . .  B  ADDR  00AFH  NOT USED
EC . . . . . . . . . . . . . . . . .  B  ADDR  00AEH  NOT USED
EECON. . . . . . . . . . . . . . . .  D  ADDR  0096H  NOT USED
ES . . . . . . . . . . . . . . . . .  B  ADDR  00ACH  NOT USED
ET0. . . . . . . . . . . . . . . . .  B  ADDR  00A9H  NOT USED
ET1. . . . . . . . . . . . . . . . .  B  ADDR  00ABH  NOT USED
ET2. . . . . . . . . . . . . . . . .  B  ADDR  00ADH  NOT USED
EX0. . . . . . . . . . . . . . . . .  B  ADDR  00A8H  NOT USED
EX1. . . . . . . . . . . . . . . . .  B  ADDR  00AAH  NOT USED
EXEN2. . . . . . . . . . . . . . . .  B  ADDR  00CBH  NOT USED
EXF2 . . . . . . . . . . . . . . . .  B  ADDR  00CEH  NOT USED
EXTI0. . . . . . . . . . . . . . . .  C  ADDR  0003H  NOT USED
EXTI1. . . . . . . . . . . . . . . .  C  ADDR  0013H  NOT USED
F0 . . . . . . . . . . . . . . . . .  B  ADDR  00D5H  NOT USED
FE . . . . . . . . . . . . . . . . .  B  ADDR  009FH  NOT USED
FIN. . . . . . . . . . . . . . . . .  C  ADDR  007BH
IE . . . . . . . . . . . . . . . . .  D  ADDR  00A8H  NOT USED
IE0. . . . . . . . . . . . . . . . .  B  ADDR  0089H  NOT USED
IE1. . . . . . . . . . . . . . . . .  B  ADDR  008BH  NOT USED
INICIO . . . . . . . . . . . . . . .  C  ADDR  0039H  NOT USED
INT0 . . . . . . . . . . . . . . . .  B  ADDR  00B2H  NOT USED
INT1 . . . . . . . . . . . . . . . .  B  ADDR  00B3H  NOT USED
IP . . . . . . . . . . . . . . . . .  D  ADDR  00B8H  NOT USED
IPH. . . . . . . . . . . . . . . . .  D  ADDR  00B7H  NOT USED
IPH0 . . . . . . . . . . . . . . . .  D  ADDR  00B7H  NOT USED
IPH1 . . . . . . . . . . . . . . . .  D  ADDR  00B3H  NOT USED
IPL0 . . . . . . . . . . . . . . . .  D  ADDR  00B8H  NOT USED
IPL1 . . . . . . . . . . . . . . . .  D  ADDR  00B2H  NOT USED
IT0. . . . . . . . . . . . . . . . .  B  ADDR  0088H  NOT USED
IT1. . . . . . . . . . . . . . . . .  B  ADDR  008AH  NOT USED
KBE. . . . . . . . . . . . . . . . .  D  ADDR  009DH  NOT USED
KBF. . . . . . . . . . . . . . . . .  D  ADDR  009EH  NOT USED
KBLS . . . . . . . . . . . . . . . .  D  ADDR  009CH  NOT USED
LEER . . . . . . . . . . . . . . . .  C  ADDR  0089H
NCARRY1. . . . . . . . . . . . . . .  C  ADDR  0143H
NCARRY2. . . . . . . . . . . . . . .  C  ADDR  015CH
NCARRY3. . . . . . . . . . . . . . .  C  ADDR  005BH
NCARRY4. . . . . . . . . . . . . . .  C  ADDR  0071H
OSCCON . . . . . . . . . . . . . . .  D  ADDR  0086H  NOT USED
OV . . . . . . . . . . . . . . . . .  B  ADDR  00D2H  NOT USED
P. . . . . . . . . . . . . . . . . .  B  ADDR  00D0H  NOT USED
P0 . . . . . . . . . . . . . . . . .  D  ADDR  0080H  NOT USED
P1 . . . . . . . . . . . . . . . . .  D  ADDR  0090H
P1M1 . . . . . . . . . . . . . . . .  D  ADDR  00D4H  NOT USED
P1M2 . . . . . . . . . . . . . . . .  D  ADDR  00E2H  NOT USED
P2 . . . . . . . . . . . . . . . . .  D  ADDR  00A0H  NOT USED
P3 . . . . . . . . . . . . . . . . .  D  ADDR  00B0H
P3M1 . . . . . . . . . . . . . . . .  D  ADDR  00D5H  NOT USED
P3M2 . . . . . . . . . . . . . . . .  D  ADDR  00E3H  NOT USED
P4 . . . . . . . . . . . . . . . . .  D  ADDR  00C0H  NOT USED
P4M1 . . . . . . . . . . . . . . . .  D  ADDR  00D6H  NOT USED
P4M2 . . . . . . . . . . . . . . . .  D  ADDR  00E4H  NOT USED
P5 . . . . . . . . . . . . . . . . .  D  ADDR  00E8H  NOT USED
PACA . . . . . . . . . . . . . . . .  C  ADDR  017DH
PANT . . . . . . . . . . . . . . . .  C  ADDR  0000H  NOT USED
PC . . . . . . . . . . . . . . . . .  B  ADDR  00BEH  NOT USED
PCON . . . . . . . . . . . . . . . .  D  ADDR  0087H  NOT USED
PPCL . . . . . . . . . . . . . . . .  B  ADDR  00BEH  NOT USED
PROM . . . . . . . . . . . . . . . .  C  ADDR  005DH  NOT USED
PS . . . . . . . . . . . . . . . . .  B  ADDR  00BCH  NOT USED
PSL. . . . . . . . . . . . . . . . .  B  ADDR  00BCH  NOT USED
PSW. . . . . . . . . . . . . . . . .  D  ADDR  00D0H  NOT USED
PT0. . . . . . . . . . . . . . . . .  B  ADDR  00B9H  NOT USED
PT0L . . . . . . . . . . . . . . . .  B  ADDR  00B9H  NOT USED
PT1. . . . . . . . . . . . . . . . .  B  ADDR  00BBH  NOT USED
PT1L . . . . . . . . . . . . . . . .  B  ADDR  00BBH  NOT USED
PT2. . . . . . . . . . . . . . . . .  B  ADDR  00BDH  NOT USED
PT2L . . . . . . . . . . . . . . . .  B  ADDR  00BDH  NOT USED
PX0. . . . . . . . . . . . . . . . .  B  ADDR  00B8H  NOT USED
PX0L . . . . . . . . . . . . . . . .  B  ADDR  00B8H  NOT USED
PX1. . . . . . . . . . . . . . . . .  B  ADDR  00BAH  NOT USED
PX1L . . . . . . . . . . . . . . . .  B  ADDR  00BAH  NOT USED
RB8. . . . . . . . . . . . . . . . .  B  ADDR  009AH  NOT USED
RCAP2H . . . . . . . . . . . . . . .  D  ADDR  00CBH  NOT USED
RCAP2L . . . . . . . . . . . . . . .  D  ADDR  00CAH  NOT USED
RCLK . . . . . . . . . . . . . . . .  B  ADDR  00CDH  NOT USED
RD . . . . . . . . . . . . . . . . .  B  ADDR  00B7H  NOT USED
REN. . . . . . . . . . . . . . . . .  B  ADDR  009CH  NOT USED
RESET. . . . . . . . . . . . . . . .  C  ADDR  0000H  NOT USED
RI . . . . . . . . . . . . . . . . .  B  ADDR  0098H  NOT USED
RS0. . . . . . . . . . . . . . . . .  B  ADDR  00D3H  NOT USED
RS1. . . . . . . . . . . . . . . . .  B  ADDR  00D4H  NOT USED
RXD. . . . . . . . . . . . . . . . .  B  ADDR  00B0H  NOT USED
SADDR. . . . . . . . . . . . . . . .  D  ADDR  00A9H  NOT USED
SADDR_0. . . . . . . . . . . . . . .  D  ADDR  00A9H  NOT USED
SADDR_1. . . . . . . . . . . . . . .  D  ADDR  00AAH  NOT USED
SADEN. . . . . . . . . . . . . . . .  D  ADDR  00B9H  NOT USED
SADEN_0. . . . . . . . . . . . . . .  D  ADDR  00B9H  NOT USED
SADEN_1. . . . . . . . . . . . . . .  D  ADDR  00BAH  NOT USED
SBUF . . . . . . . . . . . . . . . .  D  ADDR  0099H  NOT USED
SCON . . . . . . . . . . . . . . . .  D  ADDR  0098H  NOT USED
SINT . . . . . . . . . . . . . . . .  C  ADDR  0023H  NOT USED
SM0. . . . . . . . . . . . . . . . .  B  ADDR  009FH  NOT USED
SM1. . . . . . . . . . . . . . . . .  B  ADDR  009EH  NOT USED
SM2. . . . . . . . . . . . . . . . .  B  ADDR  009DH  NOT USED
SP . . . . . . . . . . . . . . . . .  D  ADDR  0081H  NOT USED
SPCON. . . . . . . . . . . . . . . .  D  ADDR  00C3H  NOT USED
SPCR . . . . . . . . . . . . . . . .  D  ADDR  00D5H  NOT USED
SPDAT. . . . . . . . . . . . . . . .  D  ADDR  00C5H  NOT USED
SPDR . . . . . . . . . . . . . . . .  D  ADDR  0086H  NOT USED
SPSR . . . . . . . . . . . . . . . .  D  ADDR  00AAH  NOT USED
SPSTA. . . . . . . . . . . . . . . .  D  ADDR  00C4H  NOT USED
T0 . . . . . . . . . . . . . . . . .  B  ADDR  00B4H  NOT USED
T1 . . . . . . . . . . . . . . . . .  B  ADDR  00B5H  NOT USED
T2CON. . . . . . . . . . . . . . . .  D  ADDR  00C8H  NOT USED
T2MOD. . . . . . . . . . . . . . . .  D  ADDR  00C9H  NOT USED
TB8. . . . . . . . . . . . . . . . .  B  ADDR  009BH  NOT USED
TCLK . . . . . . . . . . . . . . . .  B  ADDR  00CCH  NOT USED
TCON . . . . . . . . . . . . . . . .  D  ADDR  0088H  NOT USED
TF0. . . . . . . . . . . . . . . . .  B  ADDR  008DH  NOT USED
TF1. . . . . . . . . . . . . . . . .  B  ADDR  008FH  NOT USED
TF2. . . . . . . . . . . . . . . . .  B  ADDR  00CFH  NOT USED
TH0. . . . . . . . . . . . . . . . .  D  ADDR  008CH  NOT USED
TH1. . . . . . . . . . . . . . . . .  D  ADDR  008DH  NOT USED
TH2. . . . . . . . . . . . . . . . .  D  ADDR  00CDH  NOT USED
TI . . . . . . . . . . . . . . . . .  B  ADDR  0099H  NOT USED
TIME . . . . . . . . . . . . . . . .  C  ADDR  017BH
TIME2. . . . . . . . . . . . . . . .  C  ADDR  0178H
TIMER0 . . . . . . . . . . . . . . .  C  ADDR  000BH  NOT USED
TIMER1 . . . . . . . . . . . . . . .  C  ADDR  001BH  NOT USED
TIMER2 . . . . . . . . . . . . . . .  C  ADDR  002BH  NOT USED
TL0. . . . . . . . . . . . . . . . .  D  ADDR  008AH  NOT USED
TL1. . . . . . . . . . . . . . . . .  D  ADDR  008BH  NOT USED
TL2. . . . . . . . . . . . . . . . .  D  ADDR  00CCH  NOT USED
TMOD . . . . . . . . . . . . . . . .  D  ADDR  0089H  NOT USED
TR0. . . . . . . . . . . . . . . . .  B  ADDR  008CH  NOT USED
TR1. . . . . . . . . . . . . . . . .  B  ADDR  008EH  NOT USED
TR2. . . . . . . . . . . . . . . . .  B  ADDR  00CAH  NOT USED
TXD. . . . . . . . . . . . . . . . .  B  ADDR  00B1H  NOT USED
UNO. . . . . . . . . . . . . . . . .  C  ADDR  0167H
WDTCON . . . . . . . . . . . . . . .  D  ADDR  00A7H  NOT USED
WDTPRG . . . . . . . . . . . . . . .  D  ADDR  00A7H  NOT USED
WDTRST . . . . . . . . . . . . . . .  D  ADDR  00A6H  NOT USED
WR . . . . . . . . . . . . . . . . .  B  ADDR  00B6H  NOT USED